C51 COMPILER V9.59.0.0   EEPROM                                                            06/05/2023 01:02:15 PAGE 1   


C51 COMPILER V9.59.0.0, COMPILATION OF MODULE EEPROM
OBJECT MODULE PLACED IN .\Objects\eeprom.obj
COMPILER INVOKED BY: C:\Keil_v5\C51\BIN\C51.EXE Source\eeprom.c OPTIMIZE(8,SPEED) BROWSE INCDIR(.\Include) DEBUG OBJECTE
                    -XTEND PRINT(.\Listings\eeprom.lst) TABS(2) OBJECT(.\Objects\eeprom.obj)

line level    source

   1          #define EEPROM_GLOBALS
   2          
   3          #include "Includes.h"
   4          
   5          void iapInit()
   6          {
   7   1        u8 t1;
   8   1        
   9   1        iapIdle();  
  10   1      
  11   1        t1 = iapRead(MAMORI_T_ADDR);
  12   1        
  13   1        if(t1<=0 || t1 >10){
  14   2          t1 = 1;
  15   2        } 
  16   1        SendInterval = t1 * 100;
  17   1        
  18   1        isFirst = iapRead(WIFI_SETTED_FLAG);
  19   1        
  20   1      }
  21          
  22          void iapIdle()
  23          {
  24   1        IAP_CONTR = 0;      //关闭IAP功能
  25   1        IAP_CMD = 0;        //清除命令寄存器
  26   1        IAP_TRIG = 0;       //清除触发寄存器
  27   1        IAP_ADDRH = 0x80;   //将地址设置到非IAP区域
  28   1        IAP_ADDRL = 0;
  29   1      }
  30          
  31          u8 iapRead(int addr)
  32          {
  33   1        u8 t1 = 0;
  34   1        
  35   1        IAP_CONTR = WT_12M;
  36   1        IAP_CMD = 1;
  37   1        IAP_ADDRL = addr;
  38   1        IAP_ADDRH = addr>>8;
  39   1        
  40   1        IAP_TRIG = 0x5a;
  41   1        IAP_TRIG = 0xa5;
  42   1        
  43   1        _nop_();
  44   1        
  45   1        t1 = IAP_DATA;
  46   1        
  47   1        iapIdle();
  48   1        
  49   1        //if(t1<=0 || t1 >10){
  50   1        //  t1 = 1;
  51   1        //}
  52   1        
  53   1        return t1;
  54   1      }
C51 COMPILER V9.59.0.0   EEPROM                                                            06/05/2023 01:02:15 PAGE 2   

  55          
  56          void iapWrite(int addr,u8 t1)
  57          {
  58   1        IAP_CONTR = WT_12M;
  59   1        IAP_CMD = 2;
  60   1        IAP_ADDRL = addr;
  61   1        IAP_ADDRH = addr>>8;
  62   1        
  63   1        IAP_DATA = t1;
  64   1      
  65   1        IAP_TRIG = 0x5a;
  66   1        IAP_TRIG = 0xa5;
  67   1        
  68   1        _nop_();
  69   1        
  70   1        iapIdle();  
  71   1      }
  72          
  73          void iapErase(int addr)
  74          {
  75   1        IAP_CONTR = WT_12M;
  76   1        IAP_CMD = 3;
  77   1        IAP_ADDRL = addr;
  78   1        IAP_ADDRH = addr>>8;
  79   1        
  80   1        IAP_TRIG = 0x5a;
  81   1        IAP_TRIG = 0xa5;
  82   1        
  83   1        _nop_();
  84   1        
  85   1        iapIdle();  
  86   1      }


MODULE INFORMATION:   STATIC OVERLAYABLE
   CODE SIZE        =    140    ----
   CONSTANT SIZE    =   ----    ----
   XDATA SIZE       =   ----    ----
   PDATA SIZE       =   ----    ----
   DATA SIZE        =   ----    ----
   IDATA SIZE       =   ----    ----
   BIT SIZE         =   ----    ----
END OF MODULE INFORMATION.


C51 COMPILATION COMPLETE.  0 WARNING(S),  0 ERROR(S)
