C51 COMPILER V9.59.0.0   MAIN                                                              06/05/2023 01:02:13 PAGE 1   


C51 COMPILER V9.59.0.0, COMPILATION OF MODULE MAIN
OBJECT MODULE PLACED IN .\Objects\Main.obj
COMPILER INVOKED BY: C:\Keil_v5\C51\BIN\C51.EXE Source\Main.c OPTIMIZE(8,SPEED) BROWSE INCDIR(.\Include) DEBUG OBJECTEXT
                    -END PRINT(.\Listings\Main.lst) TABS(2) OBJECT(.\Objects\Main.obj)

line level    source

   1          /***********************************************************************/
   2          /*                                                                     */
   3          /*  FILE        :UL1.c                                               */
   4          /*  DATE        :2019-02-10                                      */
   5          /*  DESCRIPTION :main program file.                                    */
   6          /*  CPU GROUP   :STC8F2K16S2                                           */
   7          /*                                                                     */
   8          /***********************************************************************/
   9          
  10          /*
  11          软件更改
  12          1.更改MCU为STC8F2K16S2
  13          2.更改新板IO口
  14          3.更改串口分配，UART1 MOD1 TO mcu BUD 57600,UART2 TO WIFI BUD 115200
  15          4.增加时间戳 https://www.jianshu.com/p/83ffccc5215e
  16          年，月，日，时，分，秒，十分秒
  17          
  18          191120 communication board add 100k resistence at keyin IO port.
  19                 Programs add SmartLink function, start this function when press the sw1 key at time < 2 seconds.
  20                 Link indicator flashes while smartlink process, and the indicator light stops flashing 
  21                 after successful setting. 
  22          
  23          
  24          */
  25          
  26          #include "Includes.h"
  27          
  28          void main(void)
  29          {
  30   1        Control_Init();         
  31   1          while(1)
  32   1        {
  33   2          ConFunction();
  34   2        }
  35   1      }


MODULE INFORMATION:   STATIC OVERLAYABLE
   CODE SIZE        =      8    ----
   CONSTANT SIZE    =   ----    ----
   XDATA SIZE       =   ----    ----
   PDATA SIZE       =   ----    ----
   DATA SIZE        =   ----    ----
   IDATA SIZE       =   ----    ----
   BIT SIZE         =   ----    ----
END OF MODULE INFORMATION.


C51 COMPILATION COMPLETE.  0 WARNING(S),  0 ERROR(S)
