C51 COMPILER V9.59.0.0   TIMER                                                             06/05/2023 01:02:14 PAGE 1   


C51 COMPILER V9.59.0.0, COMPILATION OF MODULE TIMER
OBJECT MODULE PLACED IN .\Objects\Timer.obj
COMPILER INVOKED BY: C:\Keil_v5\C51\BIN\C51.EXE Source\Timer.c OPTIMIZE(8,SPEED) BROWSE INCDIR(.\Include) DEBUG OBJECTEX
                    -TEND PRINT(.\Listings\Timer.lst) TABS(2) OBJECT(.\Objects\Timer.obj)

line level    source

   1          /*******************************Copyright (c)***********************************
   2          **                          佛山三俊电子有限公司 
   3          **                     智能电气事业部 
   4          **--------------文件信息--------------------------------------------------------
   5          **文   件   名: Time.C
   6          **创   建   人: 
   7          **创 建 日 期 ： 
   8          **描        述: 
   9          **--------------当前版本修订---------------------------------------------------
  10          ** 修改人: 
  11          ** 日　期: 
  12          ** 描　述: 
  13          **
  14          *******************************************************************************/
  15          #define TX_GLOBALS
  16          
  17          #include "Includes.h"
  18          
  19          
  20          
  21          
  22          /*----------------------------
  23          软件延时
  24          ----------------------------
  25          void Delay(INT16U n)
  26          {
  27              INT16U x;
  28          
  29              while (n--)
  30              {
  31                  x = 5000;
  32                  while (x--);
  33              }
  34          }
  35          */
  36          
  37          /**************************************************************************************************
  38          **  函数名称: Time0_Init()
  39          **  功  能  : Time0  用于主时钟定时中断，每1MS产生一次中断 
  40          **  入口参数: 无 
  41          **  出口参数: 无 
  42          **  返回值  ：  无 
  43          **  全局变量: 无 
  44          **  调用模块: 无 
  45          **  作  者  :
  46          **  日  期  : 
  47          **************************************************************************************************/
  48          void Time0_Init(void)
  49          {
  50   1      //  AUXR |= 0x80;                   //定时器0为1T模式 
  51   1      //  AUXR &= ~0x80;                   //定时器0为12T模式 
  52   1      
  53   1      //    TMOD = 0x00;                    //设置定时器为模式0(16位自动重装载)
  54   1        
C51 COMPILER V9.59.0.0   TIMER                                                             06/05/2023 01:02:14 PAGE 2   

  55   1        TL0 = NORMAL_BASICTIME;       //初始化计时值 
  56   1        TH0 = (unsigned char)(NORMAL_BASICTIME / 256);
  57   1        
  58   1          TR0 = 1;                        //定时器0开始计时 
  59   1          ET0 = 1;                        //使能定时器0中断 
  60   1      
  61   1      }
  62          /**************************************************************************************************
  63          **  函数名称: TimeE_Int()
  64          **  功  能  : 定时器E中断处理程序,1ms执行1次 
  65          **  入口参数: 无 
  66          **  出口参数: 无 
  67          **  返回值  ：  无 
  68          **  全局变量: 无 
  69          **  调用模块: 无 
  70          **  作  者  : 
  71          **  日  期  : 
  72          **************************************************************************************************/
  73          /* Timer0 interrupt routine */
  74          void tm0_isr() interrupt 1 using 1
  75          {
  76   1        bDo10ms = 1;
  77   1      }
  78          
  79          
  80          void Do10ms(void)
  81          {
  82   1        bDo10ms = 0;
  83   1        
  84   1        Uart1NoRecTime++;
  85   1        Uart2NoRecTime++;
  86   1        
  87   1        if(WaitSensorData) WaitSensorData--;
  88   1        if(WaitSendWifi) WaitSendWifi--;
  89   1        
  90   1        Counter_To_100MS++;
  91   1        if(Counter_To_100MS >= 10)
  92   1        {
  93   2          Counter_To_100MS = 0;
  94   2          bDo100ms = 1;
  95   2      
  96   2          
  97   2          
  98   2          
  99   2        }
 100   1      }
 101          
 102          
 103          void Do100ms(void)
 104          {     
 105   1        static  INT8U   Counter_To_1S;
 106   1        
 107   1        bDo100ms = 0;
 108   1        
 109   1        //fTime();
 110   1        
 111   1        
 112   1        if(bWaitRecSensor)
 113   1        {
 114   2          RecSensorOverTime++;
 115   2          
 116   2        }
C51 COMPILER V9.59.0.0   TIMER                                                             06/05/2023 01:02:14 PAGE 3   

 117   1        
 118   1        if(ReplayServerCount) ReplayServerCount--;
 119   1        
 120   1        oLED = 1;
 121   1        
 122   1          Counter_To_500mS++;
 123   1          if(Counter_To_500mS >= 5)
 124   1          {
 125   2              Counter_To_500mS = 0;
 126   2      
 127   2              bFlash ^= 1;
 128   2      
 129   2            
 130   2          } 
 131   1      
 132   1          
 133   1          Counter_To_1S++;
 134   1          if(Counter_To_1S >= 10)
 135   1          {
 136   2            fTime();  // chg 20220305
 137   2            Counter_To_1S   = 0;
 138   2      
 139   2            bFlash1S ^= 1;  
 140   2          
 141   2            if(StepCommWifi == WIFI_POWERON)
 142   2            {
 143   3              if(iapRead(WIFI_SETTED_FLAG) == 99){
 144   4                StepCommWifi = WIFI_WMAC_SEC;
 145   4              }else{
 146   4                StepCommWifi = WIFI_APPLY_AT;
 147   4              }
 148   3            }
 149   2            
 150   2          } 
 151   1      }
 152             


MODULE INFORMATION:   STATIC OVERLAYABLE
   CODE SIZE        =    176    ----
   CONSTANT SIZE    =   ----    ----
   XDATA SIZE       =   ----    ----
   PDATA SIZE       =   ----    ----
   DATA SIZE        =      4    ----
   IDATA SIZE       =   ----    ----
   BIT SIZE         =      4    ----
END OF MODULE INFORMATION.


C51 COMPILATION COMPLETE.  0 WARNING(S),  0 ERROR(S)
