C51 COMPILER V9.59.0.0   UART2                                                             06/05/2023 01:02:14 PAGE 1   


C51 COMPILER V9.59.0.0, COMPILATION OF MODULE UART2
OBJECT MODULE PLACED IN .\Objects\UART2.obj
COMPILER INVOKED BY: C:\Keil_v5\C51\BIN\C51.EXE Source\UART2.c OPTIMIZE(8,SPEED) BROWSE INCDIR(.\Include) DEBUG OBJECTEX
                    -TEND PRINT(.\Listings\UART2.lst) TABS(2) OBJECT(.\Objects\UART2.obj)

line level    source

   1          
   2          /****************************************Copyright (c)*********************************************
   3          **                                     佛山三俊电子有限公司
   4          **                         开   发   部
   5          **--------------文件信息---------------------------------------------------------------------------
   6          **文   件   名: 
   7          **创   建   人: 
   8          **创 建 日 期 ：
   9          **描        述: 
  10          **--------------当前版本修订-----------------------------------------------------------------------
  11          ** 修改人: 
  12          ** 日　期: 
  13          ** 描　述: 
  14          **
  15          **************************************************************************************************/
  16          #define UART2_GLOBALS
  17          
  18          #include "Includes.h"
  19          
  20          
  21          
  22          void Uart2Isr() interrupt 8
  23          {
  24   1          if (S2CON & S2TI)
  25   1          {
  26   2              S2CON &= ~S2TI;
  27   2              bUART2_Sending = 0;
  28   2              
  29   2          }
  30   1          if (S2CON & S2RI)
  31   1          {
  32   2              S2CON &= ~S2RI;
  33   2              UART2_buffer[pUART2_rptr++] = S2BUF;
  34   2              Uart2NoRecTime = 0;
  35   2          }
  36   1      }
  37          
  38          void Uart2Init()
  39          {
  40   1          S2CON = 0x10;
  41   1          T2L = BRT_U2;
  42   1          T2H = BRT_U2 >> 8;
  43   1          AUXR |= 0x14;
  44   1          pUART2_wptr = 0x00;   
  45   1          pUART2_rptr = 0x00;
  46   1          bUART2_Sending = 0;
  47   1        
  48   1          IE2 |= ES2;
  49   1      }
  50          
  51          void Uart2Send(char dat)
  52          {
  53   1        while(bUART2_Sending);
  54   1        bUART2_Sending = 1;
C51 COMPILER V9.59.0.0   UART2                                                             06/05/2023 01:02:14 PAGE 2   

  55   1        S2BUF = dat;
  56   1      }
  57          
  58          void Uart2SendStr(char *p)
  59          {
  60   1          while (*p)
  61   1          {
  62   2              Uart2Send(*p++);
  63   2          }
  64   1      }
  65          
  66          


MODULE INFORMATION:   STATIC OVERLAYABLE
   CODE SIZE        =    142    ----
   CONSTANT SIZE    =   ----    ----
   XDATA SIZE       =     70    ----
   PDATA SIZE       =   ----    ----
   DATA SIZE        =      2       3
   IDATA SIZE       =   ----    ----
   BIT SIZE         =      1    ----
END OF MODULE INFORMATION.


C51 COMPILATION COMPLETE.  0 WARNING(S),  0 ERROR(S)
