C51 COMPILER V9.59.0.0   UART1                                                             06/05/2023 01:02:14 PAGE 1   


C51 COMPILER V9.59.0.0, COMPILATION OF MODULE UART1
OBJECT MODULE PLACED IN .\Objects\UART1.obj
COMPILER INVOKED BY: C:\Keil_v5\C51\BIN\C51.EXE Source\UART1.c OPTIMIZE(8,SPEED) BROWSE INCDIR(.\Include) DEBUG OBJECTEX
                    -TEND PRINT(.\Listings\UART1.lst) TABS(2) OBJECT(.\Objects\UART1.obj)

line level    source

   1          
   2          /****************************************Copyright (c)*********************************************
   3          **                                     佛山三俊电子有限公司
   4          **                         开   发   部
   5          **--------------文件信息---------------------------------------------------------------------------
   6          **文   件   名: 
   7          **创   建   人: 
   8          **创 建 日 期 ：
   9          **描        述: 
  10          **--------------当前版本修订-----------------------------------------------------------------------
  11          ** 修改人: 
  12          ** 日　期: 
  13          ** 描　述: 
  14          **
  15          **************************************************************************************************/
  16          #define UART1_GLOBALS
  17          
  18          #include "Includes.h"
  19          
  20          
  21          
  22          void Uart1Isr() interrupt 4 using 1
  23          {
  24   1        if (TI)
  25   1          {
  26   2              TI = 0;               
  27   2              bUART1_Sending = 0; 
  28   2          } 
  29   1        if (RI)
  30   1          {
  31   2              RI = 0;     
  32   2          UART1_buffer[pUART1_rptr++] = SBUF;   
  33   2          Uart1NoRecTime = 0;
  34   2          }
  35   1      }
  36          
  37          void Uart1Init()
  38          {
  39   1      //  ACC = P_SW1;
  40   1      //    ACC &= ~(S1_S0 | S1_S1);    //S1_S0=0 S1_S1=0fb
  41   1      //    P_SW1 = ACC;                //(P3.0/RxD, P3.1/TxD)
  42   1        
  43   1        SCON = 0x50;        //8位可变波特率
  44   1        
  45   1        TL1 = BRT_U1;
  46   1          TH1 = BRT_U1 >> 8;
  47   1        
  48   1        AUXR |= 0x40;
  49   1        AUXR &= ~0x01;        //选择定时器1位1T模式
  50   1        
  51   1        TR1 = 1;
  52   1        ES = 1;
  53   1      
  54   1          pUART1_wptr = 0x00;   
C51 COMPILER V9.59.0.0   UART1                                                             06/05/2023 01:02:14 PAGE 2   

  55   1          pUART1_rptr = 0x00;
  56   1          bUART1_Sending = 0;
  57   1        
  58   1      }
  59          
  60          void Uart1Send(char dat)
  61          {
  62   1        while(bUART1_Sending);
  63   1        bUART1_Sending = 1;
  64   1        SBUF = dat;
  65   1      }
  66          
  67          //void Uart1SendStr(char *p)    //发送远程数据
  68          //{
  69          //    while(*p) Uart1Send(*p++);
  70          //}
  71          
  72          
  73          


MODULE INFORMATION:   STATIC OVERLAYABLE
   CODE SIZE        =     95    ----
   CONSTANT SIZE    =   ----    ----
   XDATA SIZE       =    207    ----
   PDATA SIZE       =   ----    ----
   DATA SIZE        =      2    ----
   IDATA SIZE       =   ----    ----
   BIT SIZE         =      1    ----
END OF MODULE INFORMATION.


C51 COMPILATION COMPLETE.  0 WARNING(S),  0 ERROR(S)
