C51 COMPILER V9.56.0.0   UART3                                                             10/09/2019 18:51:06 PAGE 1   


C51 COMPILER V9.56.0.0, COMPILATION OF MODULE UART3
OBJECT MODULE PLACED IN .\Objects\UART3.obj
COMPILER INVOKED BY: d:\tools\Programs\Keil\Keil_MDKv5\C51\BIN\C51.EXE Source\UART3.c OPTIMIZE(8,SPEED) BROWSE INCDIR(.\
                    -Include) DEBUG OBJECTEXTEND PRINT(.\Listings\UART3.lst) OBJECT(.\Objects\UART3.obj)

line level    source

   1          
   2          /****************************************Copyright (c)*********************************************
   3          **                                     佛山三俊电子有限公司
   4          **                                                                             开   发   部
   5          **--------------文件信息---------------------------------------------------------------------------
   6          **文   件   名: 
   7          **创   建   人: 
   8          **创 建 日 期 ：
   9          **描        述: 
  10          **--------------当前版本修订-----------------------------------------------------------------------
  11          ** 修改人: 
  12          ** 日　期: 
  13          ** 描　述: 
  14          **
  15          **************************************************************************************************/
  16          #define UART3_GLOBALS
  17          
  18          #include "Includes.h"
  19          
  20          
  21          
  22          
  23          //void Uart3Isr() interrupt 17
  24          //{
  25          //    if (S3CON & S3TI)
  26          //    {
  27          //        S3CON &= ~S3TI;
  28          //        bUART3_Busy = 0;
  29          //    }
  30          //    if (S3CON & S3RI)
  31          //    {
  32          //        S3CON &= ~S3RI;
  33          ////        UART3_buffer[pUART3_wptr++] = S3BUF;
  34          //    }
  35          //}
  36          
  37          //void Uart3Init()
  38          //{
  39          //    S3CON = 0x50;                             //?
  40          //    T3L = BRT_U3;
  41          //    T3H = BRT_U3 >> 8;
  42          //    T4T3M |= 0x0a;                            //T3R = 1; T3x12 = 1;
  43          //    pUART3_wptr = 0x00;               
  44          //    pUART3_rptr = 0x00;
  45          //    bUART3_Busy = 0;
  46          //      
  47          //      IE2 |= ES3;
  48          //      
  49          ////    SendString("STC15F2K60S2\r\nUart Test !\r\n");
  50          //}
  51          
  52          //void Uart3Send(char dat)
  53          //{
  54          //    while (bUART3_Busy);
C51 COMPILER V9.56.0.0   UART3                                                             10/09/2019 18:51:06 PAGE 2   

  55          //    bUART3_Busy = 1;
  56          //    S3BUF = dat;
  57          //}
  58          
  59          //void Uart3SendStr(char *p)            //发送远程数据
  60          //{
  61          //    while(*p) Uart3Send(*p++);
  62          //}
  63          
  64          


MODULE INFORMATION:   STATIC OVERLAYABLE
   CODE SIZE        =   ----    ----
   CONSTANT SIZE    =   ----    ----
   XDATA SIZE       =   ----    ----
   PDATA SIZE       =   ----    ----
   DATA SIZE        =      2    ----
   IDATA SIZE       =   ----    ----
   BIT SIZE         =      1    ----
END OF MODULE INFORMATION.


C51 COMPILATION COMPLETE.  0 WARNING(S),  0 ERROR(S)
